DEBUG:...STARTING...

INFO:Query length: 753
INFO:Create folders:
INFO:test_output/EXO84/PDB/, test_output/EXO84/FASTA/, test_output/EXO84/REPORT/, test_output/EXO84/HINGES/, test_output/EXO84/IMP/ .
INFO:### BLAST ###
INFO:BLAST database is located at: /home/gallegolab/Desktop/TFM/databases/BLAST/pdbaa
INFO:The BLAST output will be stored in:test_output/EXO84/BLAST/
INFO:Starting BLAST. Query: input_fasta/EXO84.fasta, Database: pdbaa
INFO:BLAST results stored in : test_output/EXO84/BLAST/EXO84_blast.out
INFO: The target sequence has close homologs in the PDB with 
    code/s: dict_keys(['5YFP', '2D2S'])
INFO:Structures for query: []
INFO:Retrieving structures from the pdb
DEBUG:Starting new HTTPS connection (1): www.ebi.ac.uk:443
DEBUG:https://www.ebi.ac.uk:443 "GET /pdbe/api/pdb/entry/molecules/5YFP HTTP/1.1" 200 5548
DEBUG:Starting new HTTPS connection (1): www.ebi.ac.uk:443
DEBUG:https://www.ebi.ac.uk:443 "GET /pdbe/api/pdb/entry/molecules/2D2S HTTP/1.1" 200 626
INFO:File being processed: 2d2s.cif
INFO:Making directory for the chains at test_output/EXO84/PDB/CHAINS/
INFO:Extracting the chain
INFO:OUT PATH:test_output/EXO84/PDB/CHAINS/2d2s_A.pdb
INFO:Extracting chain A from 2d2s.cif...
INFO:Length of the template 2d2s_A.pdb: 
                                217
INFO:PDB_LEN: 217 . QUERY_LEN: 753
INFO:2d2s_A.pdb has length 217, 
                it will be stored as a partial match
INFO:MOVING test_output/EXO84/PDB/CHAINS/2d2s_A.pdb TO test_output/EXO84/PDB/partial/2d2s_A.pdb
INFO:"test_output/EXO84/PDB/partial/" does not exist, it will be created
INFO:File being processed: 5yfp.cif
INFO:Making directory for the chains at test_output/EXO84/PDB/CHAINS/
INFO:Extracting the chain
INFO:OUT PATH:test_output/EXO84/PDB/CHAINS/5yfp_H.pdb
INFO:Extracting chain H from 5yfp.cif...
INFO:Length of the template 5yfp_H.pdb: 
                                518
INFO:PDB_LEN: 518 . QUERY_LEN: 753
INFO:5yfp_H.pdb has length 518, 
                it will be stored as a partial match
INFO:MOVING test_output/EXO84/PDB/CHAINS/5yfp_H.pdb TO test_output/EXO84/PDB/partial/5yfp_H.pdb
INFO:Checking user's templates
INFO:custom AF model detected: EXO84_AF.pdb
INFO:custom PAE matrix detected: EXO84_PAE.json
INFO:Extracting AF2 high confidence domains
INFO:Domains will be stored in:test_output/EXO84/ALPHAFOLD/DOMAINS/
INFO:Processing file: EXO84_AF.pdb
INFO:Extracting residues from a PDB file: test_output/EXO84/ALPHAFOLD/DOMAINS/EXO84_AF_domains.pdb
INFO:Residue list of confident domains: [('1', 137), ('1', 138), ('1', 139), ('1', 140), ('1', 141), ('1', 142), ('1', 143), ('1', 144), ('1', 145), ('1', 146), ('1', 147), ('1', 148), ('1', 149), ('1', 150), ('1', 151), ('1', 152), ('1', 153), ('1', 154), ('1', 155), ('1', 156), ('1', 157), ('1', 158), ('1', 159), ('1', 160), ('1', 161), ('1', 162), ('1', 163), ('1', 164), ('1', 165), ('1', 166), ('1', 167), ('1', 168), ('1', 169), ('1', 170), ('1', 171), ('1', 172), ('1', 173), ('1', 174), ('1', 175), ('1', 176), ('1', 177), ('1', 178), ('1', 179), ('1', 180), ('1', 181), ('1', 182), ('1', 183), ('1', 184), ('1', 185), ('1', 186), ('1', 187), ('1', 188), ('1', 189), ('1', 190), ('1', 191), ('1', 192), ('1', 193), ('1', 194), ('1', 195)]
INFO:CONFIDENT FILES: ['test_output/EXO84/PDB/partial/2d2s_A.pdb', 'test_output/EXO84/PDB/partial/5yfp_H.pdb', 'test_output/EXO84/ALPHAFOLD/DOMAINS/EXO84_AF_A1_AF.pdb', 'test_output/EXO84/ALPHAFOLD/DOMAINS/EXO84_AF_A2_AF.pdb', 'test_output/EXO84/ALPHAFOLD/DOMAINS/EXO84_AF_A3_AF.pdb']
INFO:NROW: 5
INFO:### HINGE DETECTION ###
INFO:overlap attribute updated for test_output/EXO84/PDB/partial/2d2s_A.pdb
INFO:No overlap between test_output/EXO84/PDB/partial/2d2s_A.pdb and test_output/EXO84/ALPHAFOLD/DOMAINS/EXO84_AF_A1_AF.pdb
INFO:No overlap between test_output/EXO84/PDB/partial/2d2s_A.pdb and test_output/EXO84/ALPHAFOLD/DOMAINS/EXO84_AF_A2_AF.pdb
INFO:overlap attribute updated for test_output/EXO84/PDB/partial/2d2s_A.pdb  
                (predicted structure)
INFO:overlap attribute updated for test_output/EXO84/PDB/partial/5yfp_H.pdb  
                (predicted structure)
INFO:overlap attribute updated for test_output/EXO84/PDB/partial/5yfp_H.pdb  
                (predicted structure)
INFO:overlap attribute updated for test_output/EXO84/PDB/partial/5yfp_H.pdb  
                (predicted structure)
INFO:No overlap between test_output/EXO84/ALPHAFOLD/DOMAINS/EXO84_AF_A1_AF.pdb and test_output/EXO84/ALPHAFOLD/DOMAINS/EXO84_AF_A2_AF.pdb
INFO:No overlap between test_output/EXO84/ALPHAFOLD/DOMAINS/EXO84_AF_A1_AF.pdb and test_output/EXO84/ALPHAFOLD/DOMAINS/EXO84_AF_A3_AF.pdb
INFO:No overlap between test_output/EXO84/ALPHAFOLD/DOMAINS/EXO84_AF_A2_AF.pdb and test_output/EXO84/ALPHAFOLD/DOMAINS/EXO84_AF_A3_AF.pdb
INFO:Comparing test_output/EXO84/PDB/partial/2d2s_A.pdb and test_output/EXO84/PDB/partial/5yfp_H.pdb
INFO:REMOVING RB1test_output/EXO84/PDB/partial/2d2s_A.pdb
INFO:LENGTH RB1 test_output/EXO84/PDB/partial/2d2s_A.pdb OL: 217
INFO:LENGTH RB2 test_output/EXO84/PDB/partial/5yfp_H.pdb RESIDS: 518
INFO:Comparing test_output/EXO84/PDB/partial/2d2s_A.pdb and test_output/EXO84/ALPHAFOLD/DOMAINS/EXO84_AF_A1_AF.pdb
INFO:Comparing test_output/EXO84/PDB/partial/2d2s_A.pdb and test_output/EXO84/ALPHAFOLD/DOMAINS/EXO84_AF_A2_AF.pdb
INFO:Comparing test_output/EXO84/PDB/partial/2d2s_A.pdb and test_output/EXO84/ALPHAFOLD/DOMAINS/EXO84_AF_A3_AF.pdb
INFO:Comparing test_output/EXO84/PDB/partial/5yfp_H.pdb and test_output/EXO84/ALPHAFOLD/DOMAINS/EXO84_AF_A1_AF.pdb
INFO:REMOVING RB2 test_output/EXO84/ALPHAFOLD/DOMAINS/EXO84_AF_A1_AF.pdb
INFO:LENGTH RB2 test_output/EXO84/ALPHAFOLD/DOMAINS/EXO84_AF_A1_AF.pdb OL: 27
INFO:LENGTH RB1 test_output/EXO84/PDB/partial/5yfp_H.pdb RESIDS: 518
INFO:Comparing test_output/EXO84/PDB/partial/5yfp_H.pdb and test_output/EXO84/ALPHAFOLD/DOMAINS/EXO84_AF_A2_AF.pdb
INFO:REMOVING RB2 test_output/EXO84/ALPHAFOLD/DOMAINS/EXO84_AF_A2_AF.pdb
INFO:LENGTH RB2 test_output/EXO84/ALPHAFOLD/DOMAINS/EXO84_AF_A2_AF.pdb OL: 113
INFO:LENGTH RB1 test_output/EXO84/PDB/partial/5yfp_H.pdb RESIDS: 518
INFO:Comparing test_output/EXO84/PDB/partial/5yfp_H.pdb and test_output/EXO84/ALPHAFOLD/DOMAINS/EXO84_AF_A3_AF.pdb
INFO:REMOVING RB2 test_output/EXO84/ALPHAFOLD/DOMAINS/EXO84_AF_A3_AF.pdb
INFO:LENGTH RB2 test_output/EXO84/ALPHAFOLD/DOMAINS/EXO84_AF_A3_AF.pdb OL: 158
INFO:LENGTH RB1 test_output/EXO84/PDB/partial/5yfp_H.pdb RESIDS: 518
INFO:Comparing test_output/EXO84/ALPHAFOLD/DOMAINS/EXO84_AF_A1_AF.pdb and test_output/EXO84/ALPHAFOLD/DOMAINS/EXO84_AF_A2_AF.pdb
INFO:Comparing test_output/EXO84/ALPHAFOLD/DOMAINS/EXO84_AF_A1_AF.pdb and test_output/EXO84/ALPHAFOLD/DOMAINS/EXO84_AF_A3_AF.pdb
INFO:Comparing test_output/EXO84/ALPHAFOLD/DOMAINS/EXO84_AF_A2_AF.pdb and test_output/EXO84/ALPHAFOLD/DOMAINS/EXO84_AF_A3_AF.pdb
