DEBUG:...STARTING...

INFO:Query length: 1336
INFO:Create folders:
INFO:test_output/SEC3/PDB/, test_output/SEC3/FASTA/, test_output/SEC3/REPORT/, test_output/SEC3/HINGES/, test_output/SEC3/IMP/ .
INFO:### BLAST ###
INFO:BLAST database is located at: /homes/users/fpegenaute/scratch/TFM/databases/BLAST/pdbaa
INFO:The BLAST output will be stored in:test_output/SEC3/BLAST/
INFO:Starting BLAST. Query: input_fasta/SEC3.fasta, Database: pdbaa
INFO:BLAST results stored in : test_output/SEC3/BLAST/SEC3_blast.out
INFO: The target sequence has close homologs in the PDB with 
    code/s: dict_keys(['5YFP', '5LG4'])
INFO:Structures for query: []
INFO:Retrieving structures from the pdb
DEBUG:Starting new HTTPS connection (1): www.ebi.ac.uk:443
DEBUG:https://www.ebi.ac.uk:443 "GET /pdbe/api/pdb/entry/molecules/5YFP HTTP/1.1" 200 5552
DEBUG:Starting new HTTPS connection (1): www.ebi.ac.uk:443
DEBUG:https://www.ebi.ac.uk:443 "GET /pdbe/api/pdb/entry/molecules/5LG4 HTTP/1.1" 200 950
INFO:File being processed: 5lg4.cif
INFO:Making directory for the chains at test_output/SEC3/PDB/CHAINS/
INFO:Extracting the chain
INFO:OUT PATH:test_output/SEC3/PDB/CHAINS/5lg4_B.pdb
INFO:Extracting chain B from 5lg4.cif...
INFO:Length of the template 5lg4_B.pdb: 
                                174
INFO:PDB_LEN: 174 . QUERY_LEN: 1336
INFO:5lg4_B.pdb has length 174, 
                it will be stored as a partial match
INFO:MOVING test_output/SEC3/PDB/CHAINS/5lg4_B.pdb TO test_output/SEC3/PDB/partial/5lg4_B.pdb
INFO:"test_output/SEC3/PDB/partial/" does not exist, it will be created
INFO:File being processed: 5yfp.cif
INFO:Making directory for the chains at test_output/SEC3/PDB/CHAINS/
INFO:Extracting the chain
INFO:OUT PATH:test_output/SEC3/PDB/CHAINS/5yfp_A.pdb
INFO:Extracting chain A from 5yfp.cif...
INFO:Length of the template 5yfp_A.pdb: 
                                672
INFO:PDB_LEN: 672 . QUERY_LEN: 1336
INFO:5yfp_A.pdb has length 672, 
                it will be stored as a partial match
INFO:MOVING test_output/SEC3/PDB/CHAINS/5yfp_A.pdb TO test_output/SEC3/PDB/partial/5yfp_A.pdb
INFO:Checking user's templates
INFO:Submitting AF2 SLURM batch script
INFO:Extracting AF2 high confidence domains
INFO:Domains will be stored in:test_output/SEC3/ALPHAFOLD/DOMAINS/
INFO:CONFIDENT FILES: ['test_output/SEC3/PDB/partial/5lg4_B.pdb', 'test_output/SEC3/PDB/partial/5yfp_A.pdb']
INFO:NROW: 2
INFO:### HINGE DETECTION ###
DEBUG:...STARTING...

INFO:Query length: 1336
INFO:Create folders:
INFO:test_output/SEC3/PDB/, test_output/SEC3/FASTA/, test_output/SEC3/REPORT/, test_output/SEC3/HINGES/, test_output/SEC3/IMP/ .
INFO:### BLAST ###
INFO:BLAST database is located at: /homes/users/fpegenaute/scratch/TFM/databases/BLAST/pdbaa
INFO:The BLAST output will be stored in:test_output/SEC3/BLAST/
INFO:Starting BLAST. Query: input_fasta/SEC3.fasta, Database: pdbaa
INFO:BLAST results stored in : test_output/SEC3/BLAST/SEC3_blast.out
INFO: The target sequence has close homologs in the PDB with 
    code/s: dict_keys(['5YFP', '5LG4'])
INFO:Structures for query: []
INFO:Retrieving structures from the pdb
DEBUG:Starting new HTTPS connection (1): www.ebi.ac.uk:443
DEBUG:https://www.ebi.ac.uk:443 "GET /pdbe/api/pdb/entry/molecules/5YFP HTTP/1.1" 200 5548
DEBUG:Starting new HTTPS connection (1): www.ebi.ac.uk:443
DEBUG:https://www.ebi.ac.uk:443 "GET /pdbe/api/pdb/entry/molecules/5LG4 HTTP/1.1" 200 950
INFO:File being processed: 5lg4.cif
INFO:Making directory for the chains at test_output/SEC3/PDB/CHAINS/
INFO:Extracting the chain
INFO:OUT PATH:test_output/SEC3/PDB/CHAINS/5lg4_B.pdb
INFO:Extracting chain B from 5lg4.cif...
INFO:Length of the template 5lg4_B.pdb: 
                                174
INFO:PDB_LEN: 174 . QUERY_LEN: 1336
INFO:5lg4_B.pdb has length 174, 
                it will be stored as a partial match
INFO:MOVING test_output/SEC3/PDB/CHAINS/5lg4_B.pdb TO test_output/SEC3/PDB/partial/5lg4_B.pdb
INFO:File being processed: 5yfp.cif
INFO:Making directory for the chains at test_output/SEC3/PDB/CHAINS/
INFO:Extracting the chain
INFO:OUT PATH:test_output/SEC3/PDB/CHAINS/5yfp_A.pdb
INFO:Extracting chain A from 5yfp.cif...
INFO:Length of the template 5yfp_A.pdb: 
                                672
INFO:PDB_LEN: 672 . QUERY_LEN: 1336
INFO:5yfp_A.pdb has length 672, 
                it will be stored as a partial match
INFO:MOVING test_output/SEC3/PDB/CHAINS/5yfp_A.pdb TO test_output/SEC3/PDB/partial/5yfp_A.pdb
INFO:Checking user's templates
INFO:Submitting AF2 SLURM batch script
INFO:Extracting AF2 high confidence domains
INFO:Domains will be stored in:test_output/SEC3/ALPHAFOLD/DOMAINS/
INFO:CONFIDENT FILES: ['test_output/SEC3/PDB/partial/5lg4_B.pdb', 'test_output/SEC3/PDB/partial/5yfp_A.pdb']
INFO:NROW: 2
INFO:### HINGE DETECTION ###
DEBUG:...STARTING...

INFO:Query length: 1336
INFO:Create folders:
INFO:test_output/SEC3/PDB/, test_output/SEC3/FASTA/, test_output/SEC3/REPORT/, test_output/SEC3/HINGES/, test_output/SEC3/IMP/ .
INFO:### BLAST ###
INFO:BLAST database is located at: /homes/users/fpegenaute/scratch/TFM/databases/BLAST/pdbaa
INFO:The BLAST output will be stored in:test_output/SEC3/BLAST/
INFO:Starting BLAST. Query: input_fasta/SEC3.fasta, Database: pdbaa
INFO:BLAST results stored in : test_output/SEC3/BLAST/SEC3_blast.out
INFO: The target sequence has close homologs in the PDB with 
    code/s: dict_keys(['5YFP', '5LG4'])
INFO:Structures for query: []
INFO:Retrieving structures from the pdb
DEBUG:Starting new HTTPS connection (1): www.ebi.ac.uk:443
DEBUG:https://www.ebi.ac.uk:443 "GET /pdbe/api/pdb/entry/molecules/5YFP HTTP/1.1" 200 5548
DEBUG:Starting new HTTPS connection (1): www.ebi.ac.uk:443
DEBUG:https://www.ebi.ac.uk:443 "GET /pdbe/api/pdb/entry/molecules/5LG4 HTTP/1.1" 200 950
INFO:File being processed: 5lg4.cif
INFO:Making directory for the chains at test_output/SEC3/PDB/CHAINS/
INFO:Extracting the chain
INFO:OUT PATH:test_output/SEC3/PDB/CHAINS/5lg4_B.pdb
INFO:Extracting chain B from 5lg4.cif...
INFO:Length of the template 5lg4_B.pdb: 
                                174
INFO:PDB_LEN: 174 . QUERY_LEN: 1336
INFO:5lg4_B.pdb has length 174, 
                it will be stored as a partial match
INFO:MOVING test_output/SEC3/PDB/CHAINS/5lg4_B.pdb TO test_output/SEC3/PDB/partial/5lg4_B.pdb
INFO:File being processed: 5yfp.cif
INFO:Making directory for the chains at test_output/SEC3/PDB/CHAINS/
INFO:Extracting the chain
INFO:OUT PATH:test_output/SEC3/PDB/CHAINS/5yfp_A.pdb
INFO:Extracting chain A from 5yfp.cif...
INFO:Length of the template 5yfp_A.pdb: 
                                672
INFO:PDB_LEN: 672 . QUERY_LEN: 1336
INFO:5yfp_A.pdb has length 672, 
                it will be stored as a partial match
INFO:MOVING test_output/SEC3/PDB/CHAINS/5yfp_A.pdb TO test_output/SEC3/PDB/partial/5yfp_A.pdb
INFO:Checking user's templates
INFO:Submitting AF2 SLURM batch script
INFO:Extracting AF2 high confidence domains
INFO:Domains will be stored in:test_output/SEC3/ALPHAFOLD/DOMAINS/
INFO:CONFIDENT FILES: ['test_output/SEC3/PDB/partial/5lg4_B.pdb', 'test_output/SEC3/PDB/partial/5yfp_A.pdb']
INFO:NROW: 2
INFO:### HINGE DETECTION ###
INFO:No overlap between test_output/SEC3/PDB/partial/5lg4_B.pdb and test_output/SEC3/PDB/partial/5yfp_A.pdb
INFO:Comparing test_output/SEC3/PDB/partial/5lg4_B.pdb and test_output/SEC3/PDB/partial/5yfp_A.pdb
DEBUG:...STARTING...

INFO:Query length: 1336
INFO:Create folders:
INFO:test_output/SEC3/PDB/, test_output/SEC3/FASTA/, test_output/SEC3/REPORT/, test_output/SEC3/HINGES/, test_output/SEC3/IMP/ .
INFO:### BLAST ###
INFO:BLAST database is located at: /homes/users/fpegenaute/scratch/TFM/databases/BLAST/pdbaa
INFO:The BLAST output will be stored in:test_output/SEC3/BLAST/
INFO:Starting BLAST. Query: input_fasta/SEC3.fasta, Database: pdbaa
INFO:BLAST results stored in : test_output/SEC3/BLAST/SEC3_blast.out
INFO: The target sequence has close homologs in the PDB with 
    code/s: dict_keys(['5YFP', '5LG4'])
INFO:Structures for query: []
INFO:Retrieving structures from the pdb
DEBUG:Starting new HTTPS connection (1): www.ebi.ac.uk:443
DEBUG:https://www.ebi.ac.uk:443 "GET /pdbe/api/pdb/entry/molecules/5YFP HTTP/1.1" 200 5552
DEBUG:Starting new HTTPS connection (1): www.ebi.ac.uk:443
DEBUG:https://www.ebi.ac.uk:443 "GET /pdbe/api/pdb/entry/molecules/5LG4 HTTP/1.1" 200 950
INFO:File being processed: 5lg4.cif
INFO:Making directory for the chains at test_output/SEC3/PDB/CHAINS/
INFO:Extracting the chain
INFO:OUT PATH:test_output/SEC3/PDB/CHAINS/5lg4_B.pdb
INFO:Extracting chain B from 5lg4.cif...
INFO:Length of the template 5lg4_B.pdb: 
                                174
INFO:PDB_LEN: 174 . QUERY_LEN: 1336
INFO:5lg4_B.pdb has length 174, 
                it will be stored as a partial match
INFO:MOVING test_output/SEC3/PDB/CHAINS/5lg4_B.pdb TO test_output/SEC3/PDB/partial/5lg4_B.pdb
INFO:File being processed: 5yfp.cif
INFO:Making directory for the chains at test_output/SEC3/PDB/CHAINS/
INFO:Extracting the chain
INFO:OUT PATH:test_output/SEC3/PDB/CHAINS/5yfp_A.pdb
INFO:Extracting chain A from 5yfp.cif...
INFO:Length of the template 5yfp_A.pdb: 
                                672
INFO:PDB_LEN: 672 . QUERY_LEN: 1336
INFO:5yfp_A.pdb has length 672, 
                it will be stored as a partial match
INFO:MOVING test_output/SEC3/PDB/CHAINS/5yfp_A.pdb TO test_output/SEC3/PDB/partial/5yfp_A.pdb
INFO:Checking user's templates
INFO:Submitting AF2 SLURM batch script
INFO:Extracting AF2 high confidence domains
INFO:Domains will be stored in:test_output/SEC3/ALPHAFOLD/DOMAINS/
INFO:CONFIDENT FILES: ['test_output/SEC3/PDB/partial/5lg4_B.pdb', 'test_output/SEC3/PDB/partial/5yfp_A.pdb']
INFO:NROW: 2
INFO:### HINGE DETECTION ###
INFO:No overlap between test_output/SEC3/PDB/partial/5lg4_B.pdb and test_output/SEC3/PDB/partial/5yfp_A.pdb
INFO:Comparing test_output/SEC3/PDB/partial/5lg4_B.pdb and test_output/SEC3/PDB/partial/5yfp_A.pdb
DEBUG:...STARTING...

INFO:Query length: 1336
INFO:Create folders:
INFO:test_output/SEC3/PDB/, test_output/SEC3/FASTA/, test_output/SEC3/REPORT/, test_output/SEC3/HINGES/, test_output/SEC3/IMP/ .
INFO:### BLAST ###
INFO:BLAST database is located at: /homes/users/fpegenaute/scratch/TFM/databases/BLAST/pdbaa
INFO:The BLAST output will be stored in:test_output/SEC3/BLAST/
INFO:Starting BLAST. Query: input_fasta/SEC3.fasta, Database: pdbaa
INFO:BLAST results stored in : test_output/SEC3/BLAST/SEC3_blast.out
INFO: The target sequence has close homologs in the PDB with 
    code/s: dict_keys(['5YFP', '5LG4'])
INFO:Structures for query: []
INFO:Retrieving structures from the pdb
DEBUG:Starting new HTTPS connection (1): www.ebi.ac.uk:443
DEBUG:https://www.ebi.ac.uk:443 "GET /pdbe/api/pdb/entry/molecules/5YFP HTTP/1.1" 200 5552
DEBUG:Starting new HTTPS connection (1): www.ebi.ac.uk:443
DEBUG:https://www.ebi.ac.uk:443 "GET /pdbe/api/pdb/entry/molecules/5LG4 HTTP/1.1" 200 950
INFO:File being processed: 5lg4.cif
INFO:Making directory for the chains at test_output/SEC3/PDB/CHAINS/
INFO:Extracting the chain
INFO:OUT PATH:test_output/SEC3/PDB/CHAINS/5lg4_B.pdb
INFO:Extracting chain B from 5lg4.cif...
INFO:Length of the template 5lg4_B.pdb: 
                                174
INFO:PDB_LEN: 174 . QUERY_LEN: 1336
INFO:5lg4_B.pdb has length 174, 
                it will be stored as a partial match
INFO:MOVING test_output/SEC3/PDB/CHAINS/5lg4_B.pdb TO test_output/SEC3/PDB/partial/5lg4_B.pdb
INFO:File being processed: 5yfp.cif
INFO:Making directory for the chains at test_output/SEC3/PDB/CHAINS/
INFO:Extracting the chain
INFO:OUT PATH:test_output/SEC3/PDB/CHAINS/5yfp_A.pdb
INFO:Extracting chain A from 5yfp.cif...
INFO:Length of the template 5yfp_A.pdb: 
                                672
INFO:PDB_LEN: 672 . QUERY_LEN: 1336
INFO:5yfp_A.pdb has length 672, 
                it will be stored as a partial match
INFO:MOVING test_output/SEC3/PDB/CHAINS/5yfp_A.pdb TO test_output/SEC3/PDB/partial/5yfp_A.pdb
INFO:Checking user's templates
INFO:Submitting AF2 SLURM batch script
INFO:Extracting AF2 high confidence domains
INFO:Domains will be stored in:test_output/SEC3/ALPHAFOLD/DOMAINS/
INFO:CONFIDENT FILES: ['test_output/SEC3/PDB/partial/5lg4_B.pdb', 'test_output/SEC3/PDB/partial/5yfp_A.pdb']
INFO:NROW: 2
INFO:### HINGE DETECTION ###
INFO:No overlap between test_output/SEC3/PDB/partial/5lg4_B.pdb and test_output/SEC3/PDB/partial/5yfp_A.pdb
INFO:Comparing test_output/SEC3/PDB/partial/5lg4_B.pdb and test_output/SEC3/PDB/partial/5yfp_A.pdb
DEBUG:...STARTING...

INFO:Query length: 1336
INFO:Create folders:
INFO:test_output/SEC3/PDB/, test_output/SEC3/FASTA/, test_output/SEC3/REPORT/, test_output/SEC3/HINGES/, test_output/SEC3/IMP/ .
INFO:### BLAST ###
INFO:BLAST database is located at: /homes/users/fpegenaute/scratch/TFM/databases/BLAST/pdbaa
INFO:The BLAST output will be stored in:test_output/SEC3/BLAST/
INFO:Starting BLAST. Query: input_fasta/SEC3.fasta, Database: pdbaa
DEBUG:...STARTING...

INFO:Query length: 1336
INFO:Create folders:
INFO:test_output/SEC3/PDB/, test_output/SEC3/FASTA/, test_output/SEC3/REPORT/, test_output/SEC3/HINGES/, test_output/SEC3/IMP/ .
INFO:### BLAST ###
INFO:BLAST database is located at: /homes/users/fpegenaute/scratch/TFM/databases/BLAST/pdbaa
INFO:The BLAST output will be stored in:test_output/SEC3/BLAST/
INFO:Starting BLAST. Query: input_fasta/SEC3.fasta, Database: pdbaa
INFO:BLAST results stored in : test_output/SEC3/BLAST/SEC3_blast.out
INFO: The target sequence has close homologs in the PDB with 
    code/s: dict_keys(['5YFP', '5LG4'])
INFO:Structures for query: []
INFO:Retrieving structures from the pdb
DEBUG:Starting new HTTPS connection (1): www.ebi.ac.uk:443
DEBUG:https://www.ebi.ac.uk:443 "GET /pdbe/api/pdb/entry/molecules/5YFP HTTP/1.1" 200 5552
DEBUG:Starting new HTTPS connection (1): www.ebi.ac.uk:443
DEBUG:https://www.ebi.ac.uk:443 "GET /pdbe/api/pdb/entry/molecules/5LG4 HTTP/1.1" 200 950
INFO:File being processed: 5lg4.cif
INFO:Making directory for the chains at test_output/SEC3/PDB/CHAINS/
INFO:Extracting the chain
INFO:OUT PATH:test_output/SEC3/PDB/CHAINS/5lg4_B.pdb
INFO:Extracting chain B from 5lg4.cif...
INFO:Length of the template 5lg4_B.pdb: 
                                174
INFO:PDB_LEN: 174 . QUERY_LEN: 1336
INFO:5lg4_B.pdb has length 174, 
                it will be stored as a partial match
INFO:MOVING test_output/SEC3/PDB/CHAINS/5lg4_B.pdb TO test_output/SEC3/PDB/partial/5lg4_B.pdb
INFO:File being processed: 5yfp.cif
INFO:Making directory for the chains at test_output/SEC3/PDB/CHAINS/
INFO:Extracting the chain
INFO:OUT PATH:test_output/SEC3/PDB/CHAINS/5yfp_A.pdb
INFO:Extracting chain A from 5yfp.cif...
INFO:Length of the template 5yfp_A.pdb: 
                                672
INFO:PDB_LEN: 672 . QUERY_LEN: 1336
INFO:5yfp_A.pdb has length 672, 
                it will be stored as a partial match
INFO:MOVING test_output/SEC3/PDB/CHAINS/5yfp_A.pdb TO test_output/SEC3/PDB/partial/5yfp_A.pdb
INFO:Checking user's templates
INFO:Submitting RF SLURM batch script
INFO:CONFIDENT FILES: ['test_output/SEC3/PDB/partial/5lg4_B.pdb', 'test_output/SEC3/PDB/partial/5yfp_A.pdb']
INFO:NROW: 2
INFO:### HINGE DETECTION ###
INFO:No overlap between test_output/SEC3/PDB/partial/5lg4_B.pdb and test_output/SEC3/PDB/partial/5yfp_A.pdb
INFO:Comparing test_output/SEC3/PDB/partial/5lg4_B.pdb and test_output/SEC3/PDB/partial/5yfp_A.pdb
DEBUG:...STARTING...

INFO:Query length: 1336
INFO:Create folders:
INFO:test_output/SEC3/PDB/, test_output/SEC3/FASTA/, test_output/SEC3/REPORT/, test_output/SEC3/HINGES/, test_output/SEC3/IMP/ .
INFO:### BLAST ###
INFO:BLAST database is located at: /homes/users/fpegenaute/scratch/TFM/databases/BLAST/pdbaa
INFO:The BLAST output will be stored in:test_output/SEC3/BLAST/
INFO:Starting BLAST. Query: input_fasta/SEC3.fasta, Database: pdbaa
INFO:BLAST results stored in : test_output/SEC3/BLAST/SEC3_blast.out
INFO: The target sequence has close homologs in the PDB with 
    code/s: dict_keys(['5YFP', '5LG4'])
INFO:Structures for query: []
INFO:Retrieving structures from the pdb
DEBUG:Starting new HTTPS connection (1): www.ebi.ac.uk:443
DEBUG:https://www.ebi.ac.uk:443 "GET /pdbe/api/pdb/entry/molecules/5YFP HTTP/1.1" 200 5548
DEBUG:Starting new HTTPS connection (1): www.ebi.ac.uk:443
DEBUG:https://www.ebi.ac.uk:443 "GET /pdbe/api/pdb/entry/molecules/5LG4 HTTP/1.1" 200 950
INFO:File being processed: 5lg4.cif
INFO:Making directory for the chains at test_output/SEC3/PDB/CHAINS/
INFO:Extracting the chain
INFO:OUT PATH:test_output/SEC3/PDB/CHAINS/5lg4_B.pdb
INFO:Extracting chain B from 5lg4.cif...
INFO:Length of the template 5lg4_B.pdb: 
                                174
INFO:PDB_LEN: 174 . QUERY_LEN: 1336
INFO:5lg4_B.pdb has length 174, 
                it will be stored as a partial match
INFO:MOVING test_output/SEC3/PDB/CHAINS/5lg4_B.pdb TO test_output/SEC3/PDB/partial/5lg4_B.pdb
INFO:File being processed: 5yfp.cif
INFO:Making directory for the chains at test_output/SEC3/PDB/CHAINS/
INFO:Extracting the chain
INFO:OUT PATH:test_output/SEC3/PDB/CHAINS/5yfp_A.pdb
INFO:Extracting chain A from 5yfp.cif...
INFO:Length of the template 5yfp_A.pdb: 
                                672
INFO:PDB_LEN: 672 . QUERY_LEN: 1336
INFO:5yfp_A.pdb has length 672, 
                it will be stored as a partial match
INFO:MOVING test_output/SEC3/PDB/CHAINS/5yfp_A.pdb TO test_output/SEC3/PDB/partial/5yfp_A.pdb
INFO:Checking user's templates
INFO:Submitting RF SLURM batch script
INFO:CONFIDENT FILES: ['test_output/SEC3/PDB/partial/5lg4_B.pdb', 'test_output/SEC3/PDB/partial/5yfp_A.pdb']
INFO:NROW: 2
INFO:### HINGE DETECTION ###
INFO:No overlap between test_output/SEC3/PDB/partial/5lg4_B.pdb and test_output/SEC3/PDB/partial/5yfp_A.pdb
INFO:Comparing test_output/SEC3/PDB/partial/5lg4_B.pdb and test_output/SEC3/PDB/partial/5yfp_A.pdb
DEBUG:...STARTING...

INFO:Query length: 1336
INFO:Create folders:
INFO:test_output/SEC3/PDB/, test_output/SEC3/FASTA/, test_output/SEC3/REPORT/, test_output/SEC3/HINGES/, test_output/SEC3/IMP/ .
INFO:### BLAST ###
INFO:BLAST database is located at: /homes/users/fpegenaute/scratch/TFM/databases/BLAST/pdbaa
INFO:The BLAST output will be stored in:test_output/SEC3/BLAST/
INFO:Starting BLAST. Query: input_fasta/SEC3.fasta, Database: pdbaa
INFO:BLAST results stored in : test_output/SEC3/BLAST/SEC3_blast.out
INFO: The target sequence has close homologs in the PDB with 
    code/s: dict_keys(['5YFP', '5LG4'])
INFO:Structures for query: []
INFO:Retrieving structures from the pdb
DEBUG:Starting new HTTPS connection (1): www.ebi.ac.uk:443
DEBUG:https://www.ebi.ac.uk:443 "GET /pdbe/api/pdb/entry/molecules/5YFP HTTP/1.1" 200 5552
DEBUG:Starting new HTTPS connection (1): www.ebi.ac.uk:443
DEBUG:https://www.ebi.ac.uk:443 "GET /pdbe/api/pdb/entry/molecules/5LG4 HTTP/1.1" 200 950
INFO:File being processed: 5lg4.cif
INFO:Making directory for the chains at test_output/SEC3/PDB/CHAINS/
INFO:Extracting the chain
INFO:OUT PATH:test_output/SEC3/PDB/CHAINS/5lg4_B.pdb
INFO:Extracting chain B from 5lg4.cif...
INFO:Length of the template 5lg4_B.pdb: 
                                174
INFO:PDB_LEN: 174 . QUERY_LEN: 1336
INFO:5lg4_B.pdb has length 174, 
                it will be stored as a partial match
INFO:MOVING test_output/SEC3/PDB/CHAINS/5lg4_B.pdb TO test_output/SEC3/PDB/partial/5lg4_B.pdb
INFO:File being processed: 5yfp.cif
INFO:Making directory for the chains at test_output/SEC3/PDB/CHAINS/
INFO:Extracting the chain
INFO:OUT PATH:test_output/SEC3/PDB/CHAINS/5yfp_A.pdb
INFO:Extracting chain A from 5yfp.cif...
INFO:Length of the template 5yfp_A.pdb: 
                                672
INFO:PDB_LEN: 672 . QUERY_LEN: 1336
INFO:5yfp_A.pdb has length 672, 
                it will be stored as a partial match
INFO:MOVING test_output/SEC3/PDB/CHAINS/5yfp_A.pdb TO test_output/SEC3/PDB/partial/5yfp_A.pdb
INFO:Checking user's templates
INFO:Submitting RF SLURM batch script
INFO:CONFIDENT FILES: ['test_output/SEC3/PDB/partial/5lg4_B.pdb', 'test_output/SEC3/PDB/partial/5yfp_A.pdb']
INFO:NROW: 2
INFO:### HINGE DETECTION ###
INFO:No overlap between test_output/SEC3/PDB/partial/5lg4_B.pdb and test_output/SEC3/PDB/partial/5yfp_A.pdb
INFO:Comparing test_output/SEC3/PDB/partial/5lg4_B.pdb and test_output/SEC3/PDB/partial/5yfp_A.pdb
