DEBUG:...STARTING...

DEBUG:...STARTING...

DEBUG:...STARTING...

INFO:Query length: 871
INFO:Create folders:
INFO:output/5YFP_E/PDB/, output/5YFP_E/FASTA/, output/5YFP_E/REPORT/, output/5YFP_E/HINGES/, output/5YFP_E/IMP/ .
INFO:### BLAST ###
INFO:The BLAST output will be stored in:output/5YFP_E/BLAST/
INFO:Starting BLAST. Query: input_fasta/5YFP_E.fasta, Database: pdbaa, located in: /home/gallegolab/Desktop/TFM/databases/BLAST/pdbaa
INFO:calling BLAST
INFO:BLAST results in output/5YFP_E/BLAST/5YFP_E_blast.out
INFO: The target sequence has close homologs in the PDB with 
    code/s: dict_keys(['5YFP'])
INFO:Structures for query: []
INFO:Retrieving structures from the pdb
DEBUG:Starting new HTTPS connection (1): www.ebi.ac.uk:443
DEBUG:https://www.ebi.ac.uk:443 "GET /pdbe/api/pdb/entry/molecules/5YFP HTTP/1.1" 200 5548
INFO:File being processed: 5yfp.cif
INFO:Making directory for the chains at output/5YFP_E/PDB/CHAINS/
INFO:Extracting the chain
INFO:OUT PATH:output/5YFP_E/PDB/CHAINS/5yfp_E.pdb
INFO:Extracting chain E from 5yfp.cif...
INFO:Length of the template 5yfp_E.pdb: 
                                776
INFO:PDB_LEN: 776 . QUERY_LEN: 871
INFO:5yfp_E.pdb has length 776, 
                it will be stored as a partial match
INFO:MOVING output/5YFP_E/PDB/CHAINS/5yfp_E.pdb TO output/5YFP_E/PDB/partial/5yfp_E.pdb
INFO:"output/5YFP_E/PDB/partial/" does not exist, it will be created
INFO:Checking user's templates
INFO:CONFIDENT FILES: ['output/5YFP_E/PDB/partial/5yfp_E.pdb']
INFO:### HINGE DETECTION and DFI ###
